[debug] [2021-03-27T23:15:43.450Z] ----------------------------------------------------------------------
[debug] [2021-03-27T23:15:43.453Z] Command:       C:\Program Files\nodejs\node.exe C:\Users\Renato\AppData\Roaming\npm\node_modules\firebase-tools\lib\bin\firebase.js init
[debug] [2021-03-27T23:15:43.453Z] CLI Version:   8.16.2
[debug] [2021-03-27T23:15:43.453Z] Platform:      win32
[debug] [2021-03-27T23:15:43.453Z] Node Version:  v12.9.1
[debug] [2021-03-27T23:15:43.491Z] Time:          Sat Mar 27 2021 20:15:43 GMT-0300 (GMT-03:00)
[debug] [2021-03-27T23:15:43.491Z] ----------------------------------------------------------------------
[debug] [2021-03-27T23:15:43.491Z] 
[debug] [2021-03-27T23:15:43.504Z] > command requires scopes: ["email","openid","https://www.googleapis.com/auth/cloudplatformprojects.readonly","https://www.googleapis.com/auth/firebase","https://www.googleapis.com/auth/cloud-platform"]
[debug] [2021-03-27T23:15:43.504Z] > authorizing via signed-in user
[info] 
     ######## #### ########  ######## ########     ###     ######  ########
     ##        ##  ##     ## ##       ##     ##  ##   ##  ##       ##
     ######    ##  ########  ######   ########  #########  ######  ######
     ##        ##  ##    ##  ##       ##     ## ##     ##       ## ##
     ##       #### ##     ## ######## ########  ##     ##  ######  ########

You're about to initialize a Firebase project in this directory:

  C:\Users\Renato\Desktop\horario_atual

Before we get started, keep in mind:

  * You are initializing in an existing Firebase project directory

